<?xml version="1.0" encoding="UTF-8"?>
<testng-results ignored="0" total="1" passed="0" failed="1" skipped="0">
  <reporter-output>
  </reporter-output>
  <suite started-at="2021-03-12T17:34:35 CET" name="Default Suite" finished-at="2021-03-12T17:34:46 CET" duration-ms="10249">
    <groups>
    </groups>
    <test started-at="2021-03-12T17:34:35 CET" name="first-selenium" finished-at="2021-03-12T17:34:46 CET" duration-ms="10249">
      <class name="com.demoqa.tests.PractiseFormTest">
        <test-method is-config="true" signature="setUp()[pri:0, instance:com.demoqa.tests.PractiseFormTest@1fa268de]" started-at="2021-03-12T17:34:35 CET" name="setUp" finished-at="2021-03-12T17:34:39 CET" duration-ms="3847" status="PASS">
          <reporter-output>
          </reporter-output>
        </test-method> <!-- setUp -->
        <test-method signature="positiveTestCasePractiseForm()[pri:0, instance:com.demoqa.tests.PractiseFormTest@1fa268de]" started-at="2021-03-12T17:34:39 CET" name="positiveTestCasePractiseForm" finished-at="2021-03-12T17:34:42 CET" duration-ms="3281" status="FAIL">
          <exception class="java.lang.AssertionError">
            <message>
              <![CDATA[expected [Mila Grkova] but found []]]>
            </message>
            <full-stacktrace>
              <![CDATA[java.lang.AssertionError: expected [Mila Grkova] but found []
at org.testng.Assert.fail(Assert.java:97)
at org.testng.Assert.assertEqualsImpl(Assert.java:136)
at org.testng.Assert.assertEquals(Assert.java:118)
at org.testng.Assert.assertEquals(Assert.java:575)
at org.testng.Assert.assertEquals(Assert.java:585)
at com.demoqa.pages.PractiseFormPage.checkIfTheInfoIsCorrect(PractiseFormPage.java:146)
at com.demoqa.tests.PractiseFormTest.positiveTestCasePractiseForm(PractiseFormTest.java:39)
at java.base/jdk.internal.reflect.NativeMethodAccessorImpl.invoke0(Native Method)
at java.base/jdk.internal.reflect.NativeMethodAccessorImpl.invoke(NativeMethodAccessorImpl.java:62)
at java.base/jdk.internal.reflect.DelegatingMethodAccessorImpl.invoke(DelegatingMethodAccessorImpl.java:43)
at java.base/java.lang.reflect.Method.invoke(Method.java:566)
at org.testng.internal.MethodInvocationHelper.invokeMethod(MethodInvocationHelper.java:134)
at org.testng.internal.TestInvoker.invokeMethod(TestInvoker.java:597)
at org.testng.internal.TestInvoker.invokeTestMethod(TestInvoker.java:173)
at org.testng.internal.MethodRunner.runInSequence(MethodRunner.java:46)
at org.testng.internal.TestInvoker$MethodInvocationAgent.invoke(TestInvoker.java:816)
at org.testng.internal.TestInvoker.invokeTestMethods(TestInvoker.java:146)
at org.testng.internal.TestMethodWorker.invokeTestMethods(TestMethodWorker.java:146)
at org.testng.internal.TestMethodWorker.run(TestMethodWorker.java:128)
at java.base/java.util.ArrayList.forEach(ArrayList.java:1541)
at org.testng.TestRunner.privateRun(TestRunner.java:766)
at org.testng.TestRunner.run(TestRunner.java:587)
at org.testng.SuiteRunner.runTest(SuiteRunner.java:384)
at org.testng.SuiteRunner.runSequentially(SuiteRunner.java:378)
at org.testng.SuiteRunner.privateRun(SuiteRunner.java:337)
at org.testng.SuiteRunner.run(SuiteRunner.java:286)
at org.testng.SuiteRunnerWorker.runSuite(SuiteRunnerWorker.java:53)
at org.testng.SuiteRunnerWorker.run(SuiteRunnerWorker.java:96)
at org.testng.TestNG.runSuitesSequentially(TestNG.java:1187)
at org.testng.TestNG.runSuitesLocally(TestNG.java:1109)
at org.testng.TestNG.runSuites(TestNG.java:1039)
at org.testng.TestNG.run(TestNG.java:1007)
at com.intellij.rt.testng.IDEARemoteTestNG.run(IDEARemoteTestNG.java:66)
at com.intellij.rt.testng.RemoteTestNGStarter.main(RemoteTestNGStarter.java:110)
]]>
            </full-stacktrace>
          </exception> <!-- java.lang.AssertionError -->
          <reporter-output>
          </reporter-output>
        </test-method> <!-- positiveTestCasePractiseForm -->
        <test-method is-config="true" signature="tearDown()[pri:0, instance:com.demoqa.tests.PractiseFormTest@1fa268de]" started-at="2021-03-12T17:34:42 CET" name="tearDown" finished-at="2021-03-12T17:34:46 CET" duration-ms="3089" status="PASS">
          <reporter-output>
          </reporter-output>
        </test-method> <!-- tearDown -->
      </class> <!-- com.demoqa.tests.PractiseFormTest -->
    </test> <!-- first-selenium -->
  </suite> <!-- Default Suite -->
</testng-results>
